<?xml version="1.0" encoding="UTF-8"?>
<!-- Generated by org.testng.reporters.JUnitXMLReporter -->
<testsuite ignored="0" hostname="LAPTOP-7D4JOF4H" failures="0" tests="4" name="Chrome Test" time="35.784" errors="0" timestamp="2024-04-09T11:23:31 IST">
  <testcase classname="test.HomePageTest" name="verifyHomePageTitle" time="1.035"/>
  <testcase classname="test.HomePageTest" name="verifyCommunityPollSelection" time="0.325"/>
  <testcase classname="test.RegistrationPageTest" name="verifyUserRegister" time="2.87"/>
  <testcase classname="test.RegistrationPageTest" name="verifyRegisterPageTitle" time="0.673"/>
</testsuite> <!-- Chrome Test -->
