<?xml version="1.0" encoding="UTF-8"?>
<!-- Generated by org.testng.reporters.JUnitXMLReporter -->
<testsuite ignored="0" hostname="LAPTOP-7D4JOF4H" failures="0" tests="4" name="Edge Test" time="57.007" errors="0" timestamp="2024-04-09T11:25:44 IST">
  <testcase classname="test.HomePageTest" name="verifyHomePageTitle" time="0.045"/>
  <testcase classname="test.HomePageTest" name="verifyCommunityPollSelection" time="0.694"/>
  <testcase classname="test.RegistrationPageTest" name="verifyUserRegister" time="3.639"/>
  <testcase classname="test.RegistrationPageTest" name="verifyRegisterPageTitle" time="0.758"/>
</testsuite> <!-- Edge Test -->
