<?xml version="1.0" encoding="UTF-8"?>
<!-- Generated by org.testng.reporters.JUnitXMLReporter -->
<testsuite ignored="0" hostname="LAPTOP-7D4JOF4H" failures="0" tests="4" name="Firefox Test" time="76.515" errors="0" timestamp="2024-04-09T11:24:47 IST">
  <testcase classname="test.HomePageTest" name="verifyHomePageTitle" time="0.104"/>
  <testcase classname="test.HomePageTest" name="verifyCommunityPollSelection" time="1.096"/>
  <testcase classname="test.RegistrationPageTest" name="verifyUserRegister" time="5.563"/>
  <testcase classname="test.RegistrationPageTest" name="verifyRegisterPageTitle" time="1.125"/>
</testsuite> <!-- Firefox Test -->
