<?xml version="1.0" encoding="UTF-8"?>
<!-- Generated by org.testng.reporters.JUnitXMLReporter -->
<testsuite ignored="1" hostname="LAPTOP-7D4JOF4H" failures="0" tests="1" name="Functional Test" time="23.001" errors="0" timestamp="2024-04-18T12:10:41 IST">
  <testcase classname="test.HomePageTest" name="verifyCommunityPollSelection" time="3.516"/>
  <testcase classname="test.HomePageTest" name="verifyHomePageTitle" time="0.0">
    <ignored/>
  </testcase> <!-- verifyHomePageTitle -->
</testsuite> <!-- Functional Test -->
