<?xml version="1.0" encoding="UTF-8"?>
<!-- Generated by org.testng.reporters.JUnitXMLReporter -->
<testsuite ignored="1" hostname="LAPTOP-7D4JOF4H" failures="0" tests="1" name="Functional Test" time="27.348" errors="0" timestamp="2024-04-16T10:29:28 IST">
  <testcase classname="test.RegistrationPageTest" name="verifyUserRegister" time="3.924"/>
  <testcase classname="test.RegistrationPageTest" name="verifyRegisterPageTitle" time="0.0">
    <ignored/>
  </testcase> <!-- verifyRegisterPageTitle -->
</testsuite> <!-- Functional Test -->
