<?xml version="1.0" encoding="UTF-8"?>
<!-- Generated by org.testng.reporters.JUnitXMLReporter -->
<testsuite ignored="2" hostname="LAPTOP-7D4JOF4H" failures="0" tests="1" name="LoginPage Test" time="20.098" errors="0" timestamp="2024-04-09T10:48:12 IST">
  <testcase classname="test.LoginPageTest" name="verifyLoginPageTitle" time="0.746"/>
  <testcase classname="test.LoginPageTest" name="verifyUserLoginWithInvalidCredentials" time="0.0">
    <ignored/>
  </testcase> <!-- verifyUserLoginWithInvalidCredentials -->
  <testcase classname="test.LoginPageTest" name="verifyUserLogin" time="0.0">
    <ignored/>
  </testcase> <!-- verifyUserLogin -->
</testsuite> <!-- LoginPage Test -->
