<?xml version="1.0" encoding="UTF-8"?>
<!-- Generated by org.testng.reporters.JUnitXMLReporter -->
<testsuite ignored="1" hostname="LAPTOP-7D4JOF4H" failures="0" tests="1" name="Regression Test" time="23.181" errors="0" timestamp="2024-04-16T10:36:42 IST">
  <testcase classname="test.RegistrationPageTest" name="verifyUserRegister" time="3.691"/>
  <testcase classname="test.RegistrationPageTest" name="verifyRegisterPageTitle" time="0.0">
    <ignored/>
  </testcase> <!-- verifyRegisterPageTitle -->
</testsuite> <!-- Regression Test -->
