<?xml version="1.0" encoding="UTF-8"?>
<!-- Generated by org.testng.reporters.JUnitXMLReporter -->
<testsuite ignored="1" hostname="LAPTOP-7D4JOF4H" failures="0" tests="1" name="Smoke Test" time="16.006" errors="0" timestamp="2024-04-16T10:36:58 IST">
  <testcase classname="test.RegistrationPageTest" name="verifyUserRegister" time="4.264"/>
  <testcase classname="test.RegistrationPageTest" name="verifyRegisterPageTitle" time="0.0">
    <ignored/>
  </testcase> <!-- verifyRegisterPageTitle -->
</testsuite> <!-- Smoke Test -->
