<?xml version="1.0" encoding="UTF-8"?>
<!-- Generated by org.testng.reporters.JUnitXMLReporter -->
<testsuite ignored="36" hostname="LAPTOP-7D4JOF4H" failures="0" tests="3" name="Test" time="28.6" errors="0" timestamp="2024-03-21T11:22:10 IST">
  <testcase classname="org.selenium.commands.Commands" name="verifyCurrentURL" time="4.06"/>
  <testcase classname="org.selenium.commands.ObsquraZoneTest" name="verifySimpleInputField" time="6.161"/>
  <testcase classname="org.selenium.commands.ObsquraZoneTest" name="verifyTwoInputFields" time="4.228"/>
  <testcase classname="org.selenium.commands.Commands" name="verifyFrames" time="0.0">
    <ignored/>
  </testcase> <!-- verifyFrames -->
  <testcase classname="org.selenium.commands.Commands" name="verifyFluentWait" time="0.0">
    <ignored/>
  </testcase> <!-- verifyFluentWait -->
  <testcase classname="org.selenium.commands.Commands" name="verifyFileUpload" time="0.0">
    <ignored/>
  </testcase> <!-- verifyFileUpload -->
  <testcase classname="org.selenium.commands.Commands" name="verifyJavaScriptClickAndSendkeys" time="0.0">
    <ignored/>
  </testcase> <!-- verifyJavaScriptClickAndSendkeys -->
  <testcase classname="org.selenium.commands.Commands" name="verifyDifferenceBtwFindElementAndFindElements" time="0.0">
    <ignored/>
  </testcase> <!-- verifyDifferenceBtwFindElementAndFindElements -->
  <testcase classname="org.selenium.commands.Commands" name="verifyDragAndDrop" time="0.0">
    <ignored/>
  </testcase> <!-- verifyDragAndDrop -->
  <testcase classname="org.selenium.commands.Commands" name="verifyExplicitWaits" time="0.0">
    <ignored/>
  </testcase> <!-- verifyExplicitWaits -->
  <testcase classname="org.selenium.commands.Commands" name="validateSimpleAlert" time="0.0">
    <ignored/>
  </testcase> <!-- validateSimpleAlert -->
  <testcase classname="org.selenium.commands.Commands" name="validateConfirmationAlert" time="0.0">
    <ignored/>
  </testcase> <!-- validateConfirmationAlert -->
  <testcase classname="org.selenium.commands.Commands" name="iFrameError" time="0.0">
    <ignored/>
  </testcase> <!-- iFrameError -->
  <testcase classname="org.selenium.commands.Commands" name="verifyMouseHover" time="0.0">
    <ignored/>
  </testcase> <!-- verifyMouseHover -->
  <testcase classname="org.selenium.commands.Commands" name="verifyCommunityPoll" time="0.0">
    <ignored/>
  </testcase> <!-- verifyCommunityPoll -->
  <testcase classname="org.selenium.commands.Commands" name="iFrameHW" time="0.0">
    <ignored/>
  </testcase> <!-- iFrameHW -->
  <testcase classname="org.selenium.commands.Commands" name="verifyVerticalScroll" time="0.0">
    <ignored/>
  </testcase> <!-- verifyVerticalScroll -->
  <testcase classname="org.selenium.commands.ObsquraZoneTest" name="verifyRadioButtonDemo" time="0.0">
    <ignored/>
  </testcase> <!-- verifyRadioButtonDemo -->
  <testcase classname="org.selenium.commands.Commands" name="validatePromptAlert" time="0.0">
    <ignored/>
  </testcase> <!-- validatePromptAlert -->
  <testcase classname="org.selenium.commands.Commands" name="verifyEmail" time="0.0">
    <ignored/>
  </testcase> <!-- verifyEmail -->
  <testcase classname="org.selenium.commands.Commands" name="verifyMultiSelectDropDown" time="0.0">
    <ignored/>
  </testcase> <!-- verifyMultiSelectDropDown -->
  <testcase classname="org.selenium.commands.Commands" name="verifyIsDisplayed" time="0.0">
    <ignored/>
  </testcase> <!-- verifyIsDisplayed -->
  <testcase classname="org.selenium.commands.Commands" name="verifyDynamicTable" time="0.0">
    <ignored/>
  </testcase> <!-- verifyDynamicTable -->
  <testcase classname="org.selenium.commands.Commands" name="verifyIsSelected" time="0.0">
    <ignored/>
  </testcase> <!-- verifyIsSelected -->
  <testcase classname="org.selenium.commands.Commands" name="verifyMultipleWindowHandle" time="0.0">
    <ignored/>
  </testcase> <!-- verifyMultipleWindowHandle -->
  <testcase classname="org.selenium.commands.Commands" name="verifyWaits" time="0.0">
    <ignored/>
  </testcase> <!-- verifyWaits -->
  <testcase classname="org.selenium.commands.Commands" name="verifySoftAssert" time="0.0">
    <ignored/>
  </testcase> <!-- verifySoftAssert -->
  <testcase classname="org.selenium.commands.ObsquraZoneTest" name="verifyColourSelectFromDropDown" time="0.0">
    <ignored/>
  </testcase> <!-- verifyColourSelectFromDropDown -->
  <testcase classname="org.selenium.commands.Commands" name="verifyValuesFromDropDown" time="0.0">
    <ignored/>
  </testcase> <!-- verifyValuesFromDropDown -->
  <testcase classname="org.selenium.commands.ObsquraZoneTest" name="verifyCheckBoxDemo" time="0.0">
    <ignored/>
  </testcase> <!-- verifyCheckBoxDemo -->
  <testcase classname="org.selenium.commands.Commands" name="verifyTitle" time="0.0">
    <ignored/>
  </testcase> <!-- verifyTitle -->
  <testcase classname="org.selenium.commands.Commands" name="verifyDoubleClick" time="0.0">
    <ignored/>
  </testcase> <!-- verifyDoubleClick -->
  <testcase classname="org.selenium.commands.Commands" name="verifyDragAndDropBy" time="0.0">
    <ignored/>
  </testcase> <!-- verifyDragAndDropBy -->
  <testcase classname="org.selenium.commands.Commands" name="verifyIsEnabled" time="0.0">
    <ignored/>
  </testcase> <!-- verifyIsEnabled -->
  <testcase classname="org.selenium.commands.Commands" name="verifyTakeScreenShot" time="0.0">
    <ignored/>
  </testcase> <!-- verifyTakeScreenShot -->
  <testcase classname="org.selenium.commands.Commands" name="verifyTotalNumberOfDropDownValues" time="0.0">
    <ignored/>
  </testcase> <!-- verifyTotalNumberOfDropDownValues -->
  <testcase classname="org.selenium.commands.ObsquraZoneTest" name="verifyFormWithValidation" time="0.0">
    <ignored/>
  </testcase> <!-- verifyFormWithValidation -->
  <testcase classname="org.selenium.commands.Commands" name="verifyRightClick" time="0.0">
    <ignored/>
  </testcase> <!-- verifyRightClick -->
  <testcase classname="org.selenium.commands.ObsquraZoneTest" name="verifyColourTotalNumberOfDropDown" time="0.0">
    <ignored/>
  </testcase> <!-- verifyColourTotalNumberOfDropDown -->
</testsuite> <!-- Test -->
