<?xml version="1.0" encoding="UTF-8"?>
<testng-results ignored="1" total="2" passed="1" failed="0" skipped="0">
  <reporter-output>
  </reporter-output>
  <suite started-at="2024-03-27T11:18:08 IST" name="Default suite" finished-at="2024-03-27T11:18:44 IST" duration-ms="36387">
    <groups>
    </groups>
    <test started-at="2024-03-27T11:18:08 IST" name="Default test" finished-at="2024-03-27T11:18:44 IST" duration-ms="36387">
      <class name="test.HomePageTest">
        <test-method is-config="true" signature="setUp()[pri:0, instance:test.HomePageTest@498d318c]" started-at="2024-03-27T11:18:08 IST" name="setUp" finished-at="2024-03-27T11:18:42 IST" duration-ms="34104" status="PASS">
          <reporter-output>
          </reporter-output>
        </test-method> <!-- setUp -->
        <test-method signature="verifyHomePageTitle()[pri:0, instance:test.HomePageTest@498d318c]" started-at="2024-03-27T11:18:42 IST" name="verifyHomePageTitle" finished-at="2024-03-27T11:18:43 IST" duration-ms="1173" status="PASS">
          <reporter-output>
          </reporter-output>
        </test-method> <!-- verifyHomePageTitle -->
        <test-method is-config="true" signature="closeBrowser(org.testng.ITestResult)[pri:0, instance:test.HomePageTest@498d318c]" started-at="2024-03-27T11:18:43 IST" name="closeBrowser" finished-at="2024-03-27T11:18:44 IST" duration-ms="1041" status="PASS">
          <params>
            <param index="0">
              <value>
                <![CDATA[[TestResult name=verifyHomePageTitle status=SUCCESS method=HomePageTest.verifyHomePageTitle()[pri:0, instance:test.HomePageTest@498d318c] output={null}]]]>
              </value>
            </param>
          </params>
          <reporter-output>
          </reporter-output>
        </test-method> <!-- closeBrowser -->
      </class> <!-- test.HomePageTest -->
    </test> <!-- Default test -->
  </suite> <!-- Default suite -->
</testng-results>
