<?xml version="1.0" encoding="UTF-8"?>
<!-- Generated by org.testng.reporters.JUnitXMLReporter -->
<testsuite ignored="1" hostname="LAPTOP-7D4JOF4H" failures="0" tests="1" name="Default test" time="36.387" errors="0" timestamp="2024-03-27T11:18:44 IST">
  <testcase classname="test.HomePageTest" name="verifyHomePageTitle" time="1.173"/>
  <testcase classname="test.HomePageTest" name="verifyCommunityPollSelection" time="0.0">
    <ignored/>
  </testcase> <!-- verifyCommunityPollSelection -->
</testsuite> <!-- Default test -->
